RUN MODEL: MIM
Device: GPU
Settings: Namespace(batch=15, chirps=True, cuda='0', email=True, epoch=80, hidden_dim=8, iteration=3, kernel_size=3, model='mim', no_seed=False, no_stop=False, num_layers=2, patience=16, plot=True, pre_trained=None, small_dataset=False, step='15', verbose=False, version='2', workers=4)

Training time: 2:25:36.87 [8736.866403579712]
=> Loaded checkpoint chirps_step15_2_20200531-035555.pth.tar (best epoch: 40, validation rmse: 6.2903)
Training time/epochs: 0:02:36.02 [156.01547149249487]
>>>>>>>>> Metric per observation (lat x lon) at each time step (t)
RMSE
6.383022862095987,6.2843226155927105,6.263118854133031,6.2538843847090195,6.250874926967006,6.250723938788137,6.250276102814623,6.251390696853719,6.252827261083869,6.254681430837159,6.256608264420622,6.256986515496367,6.258159118313944,6.260381011552708,6.2643921452183875
MAE
2.953382957366205,2.889019466215564,2.860500089583858,2.835594279150809,2.8180432582414277,2.8137862586206004,2.8031685416416456,2.7977350315740033,2.7955440526367514,2.793998610588812,2.7926898406397913,2.7913031411427323,2.790031524114711,2.788631083503846,2.7877699450779985
>>>>>>>>
Test RMSE: 6.2718
Test MAE: 2.8207

Training time: 3:17:37.08 [11857.083211183548]
=> Loaded checkpoint chirps_step15_2_20200531-062148.pth.tar (best epoch: 60, validation rmse: 6.2862)
Training time/epochs: 0:02:36.01 [156.0142527787309]
>>>>>>>>> Metric per observation (lat x lon) at each time step (t)
RMSE
6.322399200931672,6.26278216351745,6.252755098445441,6.250244135497718,6.252516769593762,6.2483188336895354,6.250775575637817,6.253542341211791,6.255696741483545,6.259505447521005,6.2636842022659955,6.2672025619014615,6.270110884020405,6.274726131910919,6.279919475637456
MAE
2.867454728772563,2.804274907035212,2.7768905701175814,2.7564443792066267,2.7421037593195514,2.7508337459256573,2.748329935535308,2.74566626228312,2.744805400089551,2.7452154633819417,2.7460436442846894,2.746652187839631,2.746934110118497,2.7474502536558334,2.7479769055561354
>>>>>>>>
Test RMSE: 6.2700
Test MAE: 2.7611

Training time: 2:42:42.10 [9762.10475063324]
=> Loaded checkpoint chirps_step15_2_20200531-093941.pth.tar (best epoch: 48, validation rmse: 6.2874)
Training time/epochs: 0:02:32.53 [152.53288672864437]
>>>>>>>>> Metric per observation (lat x lon) at each time step (t)
RMSE
6.334530015145579,6.2765605218948854,6.26158421526673,6.25348945330548,6.25190863045313,6.253887602078017,6.25671334164117,6.259537769902137,6.261868648631598,6.264865491979865,6.267812162317256,6.2694365286058,6.270660306817742,6.2742786574107345,6.2797420717054795
MAE
2.9504167226053055,2.877488903460964,2.837328624981706,2.8052664283783204,2.78304999169483,2.7940766631916003,2.788402215767932,2.7831015618898536,2.778488443743798,2.7739308982767086,2.7697781971705857,2.765172303363841,2.7608192031101515,2.757505449556535,2.7544616095481382
>>>>>>>>
Test RMSE: 6.2748
Test MAE: 2.7986

RMSE:  [6.271766649779453, 6.270039907065771, 6.274802610438357]

MAE:  [2.8207465544823678, 2.761138432128455, 2.798619138297214]

Training times:  [8736.866403579712, 11857.083211183548, 9762.10475063324]

Training times/epochs:  [156.01547149249487, 156.0142527787309, 152.53288672864437]
-----------------------
Mean and standard deviation after 3 iterations
=> Test RMSE: mean: 6.2722, std: 0.001969
=> Test MAE: mean: 2.7935, std: 0.024603
=> Training times: mean_readable: 2:48:38.68, mean: 10118.6848, std: 1298.537697
=> Training times/epochs: mean_readable: 0:02:34.85, mean: 154.8542, std: 1.641419
-----------------------
email sent
