RUN MODEL: PREDRNN
Device: GPU
Settings: Namespace(batch=15, chirps=False, cuda='1', email=True, epoch=80, hidden_dim=32, iteration=3, kernel_size=3, model='predrnn', no_seed=False, no_stop=False, num_layers=3, patience=16, plot=True, pre_trained=None, small_dataset=False, step='15', verbose=False, version='2', workers=4)

Training time: 13:09:27.79 [47367.79382300377]
=> Loaded checkpoint cfsr_step15_2_20200602-164007.pth.tar (best epoch: 29, validation rmse: 2.0194)
Training time/epochs: 0:17:32.62 [1052.6176405111948]
>>>>>>>>> Metric per observation (lat x lon) at each time step (t)
RMSE
1.9240796599077286,1.8264474362837624,1.7951716951788215,1.8015527678924856,1.8281512301771716,1.8914530941914256,1.9467124191633376,2.000677218880303,2.0554193726194385,2.098633742861543,2.131521721322725,2.159450224798364,2.187732780525324,2.210583729486029,2.2275529337656814
MAE
1.3658716061905585,1.2916830386268945,1.2687511804530425,1.2716011130528708,1.2915504912893583,1.339774187328746,1.3803687502375588,1.4184197225451636,1.4564012770183208,1.488003731435281,1.5119666724198404,1.5316641418348569,1.5522937111649533,1.570893421583136,1.58470767447092
>>>>>>>>
Test RMSE: 2.0145
Test MAE: 1.4216

Training time: 8:06:52.54 [29212.539316892624]
=> Loaded checkpoint cfsr_step15_2_20200603-055146.pth.tar (best epoch: 13, validation rmse: 2.0245)
Training time/epochs: 0:16:47.33 [1007.3289419618146]
>>>>>>>>> Metric per observation (lat x lon) at each time step (t)
RMSE
1.9947958161199308,1.8653685570424539,1.8407007402917384,1.8393163800074224,1.8583542318516069,1.9151397912082329,1.9676151052427358,2.0155749884789262,2.0645652465449955,2.102536626067142,2.131410388443903,2.154906845621858,2.1800927013034794,2.1998145801845768,2.2148760596856
MAE
1.4453671730837776,1.3358816030782734,1.3171997858978675,1.3144428987112853,1.328082124006401,1.3715779220842952,1.4115518665512128,1.4467355308850165,1.4807273896821824,1.508643163060679,1.5306961344614438,1.5483146484285055,1.566257241694838,1.5818406136786558,1.5944841202353637
>>>>>>>>
Test RMSE: 2.0302
Test MAE: 1.4521

Training time: 14:01:05.69 [50465.691910266876]
=> Loaded checkpoint cfsr_step15_2_20200603-140021.pth.tar (best epoch: 34, validation rmse: 2.0168)
Training time/epochs: 0:16:49.31 [1009.3138382053376]
>>>>>>>>> Metric per observation (lat x lon) at each time step (t)
RMSE
1.9454860869128563,1.823379163437842,1.785843933670266,1.7836790632110362,1.8118411606789957,1.8840926678931333,1.9518020257209112,2.01209576682145,2.0697300030685826,2.1172664370516965,2.1566730400394962,2.188419886997768,2.2162120524127342,2.2381388172197276,2.2565091153950365
MAE
1.3735619748680337,1.284280517395591,1.2590913915601087,1.2573081784870026,1.2772588984480182,1.328758654911872,1.375441737214669,1.4169491223587904,1.4559268981177003,1.4883485586071146,1.515323726876268,1.5379567675385495,1.5580963339455085,1.574655705946659,1.5887135781461421
>>>>>>>>
Test RMSE: 2.0264
Test MAE: 1.4194

RMSE:  [2.0145265111976127, 2.030237037827998, 2.026415027130328]

MAE:  [1.4215967129404437, 1.4521201473664642, 1.4194448035566882]

Training times:  [47367.79382300377, 29212.539316892624, 50465.691910266876]

Training times/epochs:  [1052.6176405111948, 1007.3289419618146, 1009.3138382053376]
-----------------------
Mean and standard deviation after 3 iterations
=> Test RMSE: mean: 2.0237, std: 0.006690
=> Test MAE: mean: 1.4311, std: 0.014922
=> Training times: mean_readable: 11:45:48.68, mean: 42348.6750, std: 9374.354697
=> Training times/epochs: mean_readable: 0:17:03.09, mean: 1023.0868, std: 20.897170
-----------------------
email sent
