RUN MODEL: PREDRNN
Device: GPU
Settings: Namespace(batch=15, chirps=True, cuda='1', email=True, epoch=80, hidden_dim=8, iteration=3, kernel_size=3, model='predrnn', no_seed=False, no_stop=False, num_layers=2, patience=16, plot=True, pre_trained=None, small_dataset=False, step='15', verbose=False, version='2', workers=4)

Training time: 2:04:50.99 [7490.98898267746]
=> Loaded checkpoint chirps_step15_2_20200602-024840.pth.tar (best epoch: 47, validation rmse: 6.2781)
Training time/epochs: 0:01:58.90 [118.90458702662634]
>>>>>>>>> Metric per observation (lat x lon) at each time step (t)
RMSE
6.279903973302534,6.261875908861878,6.250474319663099,6.244665604765697,6.243265913378808,6.242546771162299,6.245651040025937,6.2492433504391744,6.250652238886843,6.253248491594868,6.256120029316153,6.257373004831294,6.25970378101513,6.262894488150073,6.267510237232331
MAE
2.840787195390271,2.7848301683702776,2.773120420594369,2.7667405457906824,2.7655136707008525,2.7708773901385646,2.771249798036391,2.769829396919538,2.7680343607420563,2.76773178192877,2.7682495905506994,2.769222794040557,2.770744281430398,2.7730361614176022,2.7758556963295065
>>>>>>>>
Test RMSE: 6.2608
Test MAE: 2.7757

Training time: 1:40:52.97 [6052.965729236603]
=> Loaded checkpoint chirps_step15_2_20200602-045343.pth.tar (best epoch: 35, validation rmse: 6.2762)
Training time/epochs: 0:01:58.69 [118.68560253405103]
>>>>>>>>> Metric per observation (lat x lon) at each time step (t)
RMSE
6.282769595423052,6.267137658211492,6.253619383740169,6.245570682710217,6.2425968416275515,6.240397312307871,6.24212481001372,6.244887986490803,6.2461465930425994,6.247628211975098,6.250555963926418,6.251601069204269,6.2539907911772366,6.257068832715352,6.261838166944442
MAE
2.859355144603278,2.800238379227218,2.78942399127509,2.7811268427038707,2.777669656020339,2.7763449209992603,2.7751610618765636,2.7759040933783337,2.777367861681087,2.7787669961170485,2.7810333903117845,2.782970457307754,2.7849991815064543,2.786913971106211,2.7898833335086866
>>>>>>>>
Test RMSE: 6.2582
Test MAE: 2.7878

Training time: 1:54:46.33 [6886.3334748744965]
=> Loaded checkpoint chirps_step15_2_20200602-063448.pth.tar (best epoch: 42, validation rmse: 6.2795)
Training time/epochs: 0:01:58.73 [118.72988749783615]
>>>>>>>>> Metric per observation (lat x lon) at each time step (t)
RMSE
6.285996778036958,6.267985543897075,6.255254373755506,6.248580835198843,6.246600197207544,6.243210828432473,6.245998937596557,6.248830951670165,6.250051609931454,6.251455832553166,6.253832240258494,6.255101088554628,6.257293590935328,6.2586074336882564,6.262384624891384
MAE
2.8772113098893115,2.820739527543386,2.8044675575789584,2.79255868927125,2.7856071136331044,2.787737324032732,2.7849786255949285,2.7826314901792877,2.780774772808116,2.7791244329944735,2.7778345192632368,2.77650821657591,2.7751928849886824,2.77327621880398,2.772612199347506
>>>>>>>>
Test RMSE: 6.2611
Test MAE: 2.7914

RMSE:  [6.260756334950847, 6.2581780418272945, 6.261065057528916]

MAE:  [2.775721571137828, 2.7878106262094233, 2.7914169828097024]

Training times:  [7490.98898267746, 6052.965729236603, 6886.3334748744965]

Training times/epochs:  [118.90458702662634, 118.68560253405103, 118.72988749783615]
-----------------------
Mean and standard deviation after 3 iterations
=> Test RMSE: mean: 6.2600, std: 0.001294
=> Test MAE: mean: 2.7850, std: 0.006712
=> Training times: mean_readable: 1:53:30.10, mean: 6810.0961, std: 589.540401
=> Training times/epochs: mean_readable: 0:01:58.77, mean: 118.7734, std: 0.094537
-----------------------
email sent
