RUN MODEL: ConvLSTM
Device: cuda:0
=> Loaded checkpoint cfsr_rmseloss_4_20191005-115524.pth.tar (best epoch: 48, validation error: 1.8223)
timestamp: 8637.078646659851
Training time: 2:23:57.08
ConvLSTM RMSELoss: 1.8209

=> Loaded checkpoint cfsr_rmseloss_4_20191005-141935.pth.tar (best epoch: 7, validation error: 1.9069)
timestamp: 3110.228338241577
Training time: 0:51:50.23
ConvLSTM RMSELoss: 1.8835

=> Loaded checkpoint cfsr_rmseloss_4_20191005-151140.pth.tar (best epoch: 65, validation error: 1.8053)
timestamp: 10955.298447847366
Training time: 3:02:35.30
ConvLSTM RMSELoss: 1.7985

=> Loaded checkpoint cfsr_rmseloss_4_20191005-181429.pth.tar (best epoch: 37, validation error: 1.8318)
timestamp: 7165.415260314941
Training time: 1:59:25.42
ConvLSTM RMSELoss: 1.8236

=> Loaded checkpoint cfsr_rmseloss_4_20191005-201409.pth.tar (best epoch: 28, validation error: 1.8567)
timestamp: 5949.135519981384
Training time: 1:39:09.14
ConvLSTM RMSELoss: 1.8556

=> Loaded checkpoint cfsr_rmseloss_4_20191005-215332.pth.tar (best epoch: 10, validation error: 1.9206)
timestamp: 3515.0786893367767
Training time: 0:58:35.08
ConvLSTM RMSELoss: 1.9063

=> Loaded checkpoint cfsr_rmseloss_4_20191005-225221.pth.tar (best epoch: 51, validation error: 1.8151)
timestamp: 9025.503541707993
Training time: 2:30:25.50
ConvLSTM RMSELoss: 1.8054

=> Loaded checkpoint cfsr_rmseloss_4_20191006-012300.pth.tar (best epoch: 54, validation error: 1.8373)
timestamp: 9467.821144342422
Training time: 2:37:47.82
ConvLSTM RMSELoss: 1.8338

=> Loaded checkpoint cfsr_rmseloss_4_20191006-040102.pth.tar (best epoch: 46, validation error: 1.8459)
timestamp: 8387.541659355164
Training time: 2:19:47.54
ConvLSTM RMSELoss: 1.8376

=> Loaded checkpoint cfsr_rmseloss_4_20191006-062104.pth.tar (best epoch: 55, validation error: 1.8323)
timestamp: 9619.393136501312
Training time: 2:40:19.39
ConvLSTM RMSELoss: 1.8405

timestamp: 7583.249438428878

Errors:  [1.8209330601626277, 1.883494568310575, 1.7985051820904427, 1.8235984733027797, 1.8555991105769636, 1.9063399013835713, 1.8054333463791878, 1.8338076288249636, 1.8376436354377852, 1.840458535378979]

Times:  [8637.078646659851, 3110.228338241577, 10955.298447847366, 7165.415260314941, 5949.135519981384, 3515.0786893367767, 9025.503541707993, 9467.821144342422, 8387.541659355164, 9619.393136501312]
-----------------------
Mean and standard deviation after 10 iterations
=> Test Error: mean: 1.8406, std: 0.031821
=> Training time: mean_readable: 2:06:23.25, mean: 7583.2494, std: 2496.168860
-----------------------
timestamp: 75975.26221823692
email sent
