RUN MODEL: ConvLSTM
Device: cuda:0
=> Loaded checkpoint cfsr_step15_rmseloss_4_20191022-140111.pth.tar (best epoch: 18, validation error: 2.2938)
timestamp: 5297.515983343124
Training time: 1:28:17.52
ConvLSTM RMSELoss: 2.2499

=> Loaded checkpoint cfsr_step15_rmseloss_4_20191022-152948.pth.tar (best epoch: 22, validation error: 2.2357)
timestamp: 5941.156525611877
Training time: 1:39:01.16
ConvLSTM RMSELoss: 2.2020

=> Loaded checkpoint cfsr_step15_rmseloss_4_20191022-170908.pth.tar (best epoch: 63, validation error: 2.2241)
timestamp: 12359.615033864975
Training time: 3:25:59.62
ConvLSTM RMSELoss: 2.1893

=> Loaded checkpoint cfsr_step15_rmseloss_4_20191022-203526.pth.tar (best epoch: 26, validation error: 2.2550)
timestamp: 6563.902357816696
Training time: 1:49:23.90
ConvLSTM RMSELoss: 2.2177

=> Loaded checkpoint cfsr_step15_rmseloss_4_20191022-222509.pth.tar (best epoch: 16, validation error: 2.2768)
timestamp: 5006.939227581024
Training time: 1:23:26.94
ConvLSTM RMSELoss: 2.2375

=> Loaded checkpoint cfsr_step15_rmseloss_4_20191022-234855.pth.tar (best epoch: 29, validation error: 2.2517)
timestamp: 7041.585344791412
Training time: 1:57:21.59
ConvLSTM RMSELoss: 2.1966

=> Loaded checkpoint cfsr_step15_rmseloss_4_20191023-014635.pth.tar (best epoch: 36, validation error: 2.2279)
timestamp: 8132.848282337189
Training time: 2:15:32.85
ConvLSTM RMSELoss: 2.1966

=> Loaded checkpoint cfsr_step15_rmseloss_4_20191023-040227.pth.tar (best epoch: 30, validation error: 2.2465)
timestamp: 7189.693792819977
Training time: 1:59:49.69
ConvLSTM RMSELoss: 2.2134

=> Loaded checkpoint cfsr_step15_rmseloss_4_20191023-060236.pth.tar (best epoch: 11, validation error: 2.2812)
timestamp: 4227.191440105438
Training time: 1:10:27.19
ConvLSTM RMSELoss: 2.2494

=> Loaded checkpoint cfsr_step15_rmseloss_4_20191023-071322.pth.tar (best epoch: 27, validation error: 2.2425)
timestamp: 6727.490847349167
Training time: 1:52:07.49
ConvLSTM RMSELoss: 2.2180

timestamp: 6848.793883562088

Errors:  [2.249850977950382, 2.2019835617135746, 2.1893237186467043, 2.2177284038561282, 2.2375122237315375, 2.1966030498803484, 2.1965886272043678, 2.2134026239544564, 2.24936536435158, 2.2180224316460744]

Times:  [5297.515983343124, 5941.156525611877, 12359.615033864975, 6563.902357816696, 5006.939227581024, 7041.585344791412, 8132.848282337189, 7189.693792819977, 4227.191440105438, 6727.490847349167]
-----------------------
Mean and standard deviation after 10 iterations
=> Test Error: mean: 2.2170, std: 0.020943
=> Training time: mean_readable: 1:54:08.79, mean: 6848.7939, std: 2139.221844
-----------------------
timestamp: 68714.75814533234
email sent
