RUN MODEL: STConvS2s
Device: cuda:0
=> Loaded checkpoint cfsr_l1loss_4_20191006-012226.pth.tar (best epoch: 86, validation error: 1.0128)
timestamp: 5280.362570285797
Training time: 1:28:00.36
STConvS2s L1Loss: 1.0040

=> Loaded checkpoint cfsr_l1loss_4_20191006-025033.pth.tar (best epoch: 59, validation error: 1.0205)
timestamp: 3961.4347972869873
Training time: 1:06:01.43
STConvS2s L1Loss: 1.0065

=> Loaded checkpoint cfsr_l1loss_4_20191006-035640.pth.tar (best epoch: 60, validation error: 1.0305)
timestamp: 4016.232914686203
Training time: 1:06:56.23
STConvS2s L1Loss: 1.0156

=> Loaded checkpoint cfsr_l1loss_4_20191006-050343.pth.tar (best epoch: 35, validation error: 1.0313)
timestamp: 2695.3625314235687
Training time: 0:44:55.36
STConvS2s L1Loss: 1.0188

=> Loaded checkpoint cfsr_l1loss_4_20191006-054844.pth.tar (best epoch: 21, validation error: 1.0442)
timestamp: 1955.2081756591797
Training time: 0:32:35.21
STConvS2s L1Loss: 1.0302

=> Loaded checkpoint cfsr_l1loss_4_20191006-062125.pth.tar (best epoch: 88, validation error: 1.0193)
timestamp: 5285.1253707408905
Training time: 1:28:05.13
STConvS2s L1Loss: 1.0062

=> Loaded checkpoint cfsr_l1loss_4_20191006-074936.pth.tar (best epoch: 27, validation error: 1.0473)
timestamp: 2273.3078384399414
Training time: 0:37:53.31
STConvS2s L1Loss: 1.0328

=> Loaded checkpoint cfsr_l1loss_4_20191006-082736.pth.tar (best epoch: 53, validation error: 1.0387)
timestamp: 3644.642775297165
Training time: 1:00:44.64
STConvS2s L1Loss: 1.0214

=> Loaded checkpoint cfsr_l1loss_4_20191006-092826.pth.tar (best epoch: 67, validation error: 1.0151)
timestamp: 4377.510903120041
Training time: 1:12:57.51
STConvS2s L1Loss: 1.0053

=> Loaded checkpoint cfsr_l1loss_4_20191006-104130.pth.tar (best epoch: 57, validation error: 1.0316)
timestamp: 3850.368139266968
Training time: 1:04:10.37
STConvS2s L1Loss: 1.0165

timestamp: 3733.9556016206743

Errors:  [1.0040468812538181, 1.0064669773325943, 1.0156210699389059, 1.0187764796793186, 1.0301596981039793, 1.0061979692103127, 1.0328383802818264, 1.021377971919451, 1.0052838111253377, 1.0165041855403356]

Times:  [5280.362570285797, 3961.4347972869873, 4016.232914686203, 2695.3625314235687, 1955.2081756591797, 5285.1253707408905, 2273.3078384399414, 3644.642775297165, 4377.510903120041, 3850.368139266968]
-----------------------
Mean and standard deviation after 10 iterations
=> Test Error: mean: 1.0157, std: 0.009823
=> Training time: mean_readable: 1:02:13.96, mean: 3733.9556, std: 1083.546555
-----------------------
timestamp: 37402.90218234062
email sent
