RUN MODEL: ConvLSTM
Device: cuda:0
=> Loaded checkpoint chirps_step15_rmseloss_4_20191021-221027.pth.tar (best epoch: 39, validation error: 6.4199)
timestamp: 5505.3144154548645
Training time: 1:31:45.31
ConvLSTM RMSELoss: 6.3953

=> Loaded checkpoint chirps_step15_rmseloss_4_20191021-234224.pth.tar (best epoch: 34, validation error: 6.4195)
timestamp: 5017.360365390778
Training time: 1:23:37.36
ConvLSTM RMSELoss: 6.3940

=> Loaded checkpoint chirps_step15_rmseloss_4_20191022-010614.pth.tar (best epoch: 45, validation error: 6.4185)
timestamp: 6120.795302152634
Training time: 1:42:00.80
ConvLSTM RMSELoss: 6.3981

=> Loaded checkpoint chirps_step15_rmseloss_4_20191022-024826.pth.tar (best epoch: 39, validation error: 6.4151)
timestamp: 5525.297043561935
Training time: 1:32:05.30
ConvLSTM RMSELoss: 6.3915

=> Loaded checkpoint chirps_step15_rmseloss_4_20191022-042044.pth.tar (best epoch: 39, validation error: 6.4152)
timestamp: 5517.4875664711
Training time: 1:31:57.49
ConvLSTM RMSELoss: 6.3859

=> Loaded checkpoint chirps_step15_rmseloss_4_20191022-055253.pth.tar (best epoch: 49, validation error: 6.4185)
timestamp: 6516.293534517288
Training time: 1:48:36.29
ConvLSTM RMSELoss: 6.3907

=> Loaded checkpoint chirps_step15_rmseloss_4_20191022-074141.pth.tar (best epoch: 41, validation error: 6.4170)
timestamp: 5713.029166698456
Training time: 1:35:13.03
ConvLSTM RMSELoss: 6.3923

=> Loaded checkpoint chirps_step15_rmseloss_4_20191022-091706.pth.tar (best epoch: 24, validation error: 6.4216)
timestamp: 4013.1999015808105
Training time: 1:06:53.20
ConvLSTM RMSELoss: 6.3949

=> Loaded checkpoint chirps_step15_rmseloss_4_20191022-102411.pth.tar (best epoch: 48, validation error: 6.4173)
timestamp: 6425.503360271454
Training time: 1:47:05.50
ConvLSTM RMSELoss: 6.3935

=> Loaded checkpoint chirps_step15_rmseloss_4_20191022-121129.pth.tar (best epoch: 32, validation error: 6.4188)
timestamp: 4820.037826061249
Training time: 1:20:20.04
ConvLSTM RMSELoss: 6.3938

timestamp: 5517.431848216057

Errors:  [6.395269359861102, 6.394014086042132, 6.398071910653796, 6.3914739319256375, 6.385930844715664, 6.390651677336011, 6.392333924770355, 6.394932559558323, 6.39350939648492, 6.393829814025334]

Times:  [5505.3144154548645, 5017.360365390778, 6120.795302152634, 5525.297043561935, 5517.4875664711, 6516.293534517288, 5713.029166698456, 4013.1999015808105, 6425.503360271454, 4820.037826061249]
-----------------------
Mean and standard deviation after 10 iterations
=> Test Error: mean: 6.3930, std: 0.003080
=> Training time: mean_readable: 1:31:57.43, mean: 5517.4318, std: 722.770826
-----------------------
timestamp: 55295.25061535835
email sent
