RUN MODEL: STConvS2s
Device: cuda:0
=> Loaded checkpoint chirps_l1loss_4_20191006-125101.pth.tar (best epoch: 44, validation error: 2.3230)
timestamp: 2358.3777589797974
Training time: 0:39:18.38
STConvS2s L1Loss: 2.3395

=> Loaded checkpoint chirps_l1loss_4_20191006-133023.pth.tar (best epoch: 55, validation error: 2.3244)
timestamp: 2792.267004966736
Training time: 0:46:32.27
STConvS2s L1Loss: 2.3408

=> Loaded checkpoint chirps_l1loss_4_20191006-141659.pth.tar (best epoch: 46, validation error: 2.3239)
timestamp: 2439.3602681159973
Training time: 0:40:39.36
STConvS2s L1Loss: 2.3381

=> Loaded checkpoint chirps_l1loss_4_20191006-145743.pth.tar (best epoch: 33, validation error: 2.3236)
timestamp: 1928.5178945064545
Training time: 0:32:08.52
STConvS2s L1Loss: 2.3402

=> Loaded checkpoint chirps_l1loss_4_20191006-152955.pth.tar (best epoch: 27, validation error: 2.3237)
timestamp: 1692.7946083545685
Training time: 0:28:12.79
STConvS2s L1Loss: 2.3403

=> Loaded checkpoint chirps_l1loss_4_20191006-155812.pth.tar (best epoch: 34, validation error: 2.3236)
timestamp: 1969.0683250427246
Training time: 0:32:49.07
STConvS2s L1Loss: 2.3407

=> Loaded checkpoint chirps_l1loss_4_20191006-163105.pth.tar (best epoch: 28, validation error: 2.3243)
timestamp: 1733.165925502777
Training time: 0:28:53.17
STConvS2s L1Loss: 2.3408

=> Loaded checkpoint chirps_l1loss_4_20191006-170003.pth.tar (best epoch: 45, validation error: 2.3241)
timestamp: 2402.453557252884
Training time: 0:40:02.45
STConvS2s L1Loss: 2.3402

=> Loaded checkpoint chirps_l1loss_4_20191006-174009.pth.tar (best epoch: 24, validation error: 2.3244)
timestamp: 1575.7751553058624
Training time: 0:26:15.78
STConvS2s L1Loss: 2.3405

=> Loaded checkpoint chirps_l1loss_4_20191006-180629.pth.tar (best epoch: 43, validation error: 2.3235)
timestamp: 2323.6714129447937
Training time: 0:38:43.67
STConvS2s L1Loss: 2.3384

timestamp: 2121.5451910972597

Errors:  [2.339523019535201, 2.3407979884317944, 2.338126567857606, 2.3401755009378706, 2.3402927156005586, 2.340675590293748, 2.3408387154340744, 2.3401794114283154, 2.3405409583023618, 2.338377839752606]

Times:  [2358.3777589797974, 2792.267004966736, 2439.3602681159973, 1928.5178945064545, 1692.7946083545685, 1969.0683250427246, 1733.165925502777, 2402.453557252884, 1575.7751553058624, 2323.6714129447937]
-----------------------
Mean and standard deviation after 10 iterations
=> Test Error: mean: 2.3400, std: 0.000927
=> Training time: mean_readable: 0:35:21.55, mean: 2121.5452, std: 376.798028
-----------------------
timestamp: 21257.615715026855
email sent
