RUN MODEL: ConvLSTM
Device: cuda:0
=> Loaded checkpoint chirps_step15_l1loss_4_20191023-111505.pth.tar (best epoch: 38, validation error: 2.3546)
timestamp: 5405.367151260376
Training time: 1:30:05.37
ConvLSTM L1Loss: 2.3662

=> Loaded checkpoint chirps_step15_l1loss_4_20191023-124522.pth.tar (best epoch: 34, validation error: 2.3559)
timestamp: 5017.27179980278
Training time: 1:23:37.27
ConvLSTM L1Loss: 2.3685

=> Loaded checkpoint chirps_step15_l1loss_4_20191023-140911.pth.tar (best epoch: 28, validation error: 2.3549)
timestamp: 4420.059677362442
Training time: 1:13:40.06
ConvLSTM L1Loss: 2.3658

=> Loaded checkpoint chirps_step15_l1loss_4_20191023-152303.pth.tar (best epoch: 39, validation error: 2.3548)
timestamp: 5525.06623339653
Training time: 1:32:05.07
ConvLSTM L1Loss: 2.3657

=> Loaded checkpoint chirps_step15_l1loss_4_20191023-165520.pth.tar (best epoch: 23, validation error: 2.3568)
timestamp: 3916.114039182663
Training time: 1:05:16.11
ConvLSTM L1Loss: 2.3679

=> Loaded checkpoint chirps_step15_l1loss_4_20191023-180048.pth.tar (best epoch: 31, validation error: 2.3556)
timestamp: 4719.853964090347
Training time: 1:18:39.85
ConvLSTM L1Loss: 2.3665

=> Loaded checkpoint chirps_step15_l1loss_4_20191023-191940.pth.tar (best epoch: 59, validation error: 2.3566)
timestamp: 7538.110630750656
Training time: 2:05:38.11
ConvLSTM L1Loss: 2.3697

=> Loaded checkpoint chirps_step15_l1loss_4_20191023-212530.pth.tar (best epoch: 24, validation error: 2.3564)
timestamp: 4016.0108501911163
Training time: 1:06:56.01
ConvLSTM L1Loss: 2.3667

=> Loaded checkpoint chirps_step15_l1loss_4_20191023-223238.pth.tar (best epoch: 24, validation error: 2.3558)
timestamp: 4017.110424757004
Training time: 1:06:57.11
ConvLSTM L1Loss: 2.3679

=> Loaded checkpoint chirps_step15_l1loss_4_20191023-233948.pth.tar (best epoch: 36, validation error: 2.3568)
timestamp: 5225.952498435974
Training time: 1:27:05.95
ConvLSTM L1Loss: 2.3678

timestamp: 4980.0917269229885

Errors:  [2.36618133527892, 2.3684820426361903, 2.3658149263688495, 2.365707440035684, 2.3678849786520004, 2.3665025319371904, 2.3696919104882648, 2.366655239037105, 2.3679174248661314, 2.3678005571876253]

Times:  [5405.367151260376, 5017.27179980278, 4420.059677362442, 5525.06623339653, 3916.114039182663, 4719.853964090347, 7538.110630750656, 4016.0108501911163, 4017.110424757004, 5225.952498435974]
-----------------------
Mean and standard deviation after 10 iterations
=> Test Error: mean: 2.3673, std: 0.001230
=> Training time: mean_readable: 1:23:00.09, mean: 4980.0917, std: 1022.415768
-----------------------
timestamp: 49922.85597777367
email sent
