RUN MODEL: ConvLSTM
Device: cuda:0
=> Loaded checkpoint chirps_rmseloss_4_20191015-000349.pth.tar (best epoch: 19, validation error: 6.4096)
timestamp: 3026.699494600296
Training time: 0:50:26.70
ConvLSTM RMSELoss: 6.3809

=> Loaded checkpoint chirps_rmseloss_4_20191015-005425.pth.tar (best epoch: 24, validation error: 6.4080)
timestamp: 3464.7704656124115
Training time: 0:57:44.77
ConvLSTM RMSELoss: 6.3794

=> Loaded checkpoint chirps_rmseloss_4_20191015-015218.pth.tar (best epoch: 37, validation error: 6.4173)
timestamp: 4594.919009208679
Training time: 1:16:34.92
ConvLSTM RMSELoss: 6.3883

=> Loaded checkpoint chirps_rmseloss_4_20191015-030902.pth.tar (best epoch: 30, validation error: 6.4111)
timestamp: 3992.320630788803
Training time: 1:06:32.32
ConvLSTM RMSELoss: 6.3838

=> Loaded checkpoint chirps_rmseloss_4_20191015-041544.pth.tar (best epoch: 44, validation error: 6.4096)
timestamp: 5204.605860233307
Training time: 1:26:44.61
ConvLSTM RMSELoss: 6.3832

=> Loaded checkpoint chirps_rmseloss_4_20191015-054237.pth.tar (best epoch: 22, validation error: 6.4151)
timestamp: 3297.7163853645325
Training time: 0:54:57.72
ConvLSTM RMSELoss: 6.3877

=> Loaded checkpoint chirps_rmseloss_4_20191015-063744.pth.tar (best epoch: 38, validation error: 6.4100)
timestamp: 4686.886615037918
Training time: 1:18:06.89
ConvLSTM RMSELoss: 6.3819

=> Loaded checkpoint chirps_rmseloss_4_20191015-075600.pth.tar (best epoch: 28, validation error: 6.4055)
timestamp: 3815.672763109207
Training time: 1:03:35.67
ConvLSTM RMSELoss: 6.3793

=> Loaded checkpoint chirps_rmseloss_4_20191015-085944.pth.tar (best epoch: 31, validation error: 6.4093)
timestamp: 4076.3196036815643
Training time: 1:07:56.32
ConvLSTM RMSELoss: 6.3802

=> Loaded checkpoint chirps_rmseloss_4_20191015-100750.pth.tar (best epoch: 27, validation error: 6.4117)
timestamp: 3726.839945793152
Training time: 1:02:06.84
ConvLSTM RMSELoss: 6.3798

timestamp: 3988.675077342987

Errors:  [6.38085801260812, 6.379442095756531, 6.388279744556972, 6.383765450545719, 6.383225168500628, 6.387713100228991, 6.381922483444214, 6.379346804959433, 6.380223878792354, 6.379765127386365]

Times:  [3026.699494600296, 3464.7704656124115, 4594.919009208679, 3992.320630788803, 5204.605860233307, 3297.7163853645325, 4686.886615037918, 3815.672763109207, 4076.3196036815643, 3726.839945793152]
-----------------------
Mean and standard deviation after 10 iterations
=> Test Error: mean: 6.3825, std: 0.003125
=> Training time: mean_readable: 1:06:28.68, mean: 3988.6751, std: 641.638371
-----------------------
timestamp: 39978.23211932182
email sent
