RUN MODEL: CONVLSTM
Device: GPU
Settings: Namespace(batch=15, chirps=False, cuda='0', email=True, epoch=80, hidden_dim=32, iteration=3, kernel_size=5, model='convlstm', no_seed=False, no_stop=False, num_layers=3, patience=16, plot=True, pre_trained=None, small_dataset=False, step='15', verbose=False, version='4', workers=4)

Training time: 4:09:03.20 [14943.204596996307]
=> Loaded checkpoint cfsr_step15_4_20200531-222909.pth.tar (best epoch: 17, validation rmse: 2.0981)
Training time/epochs: 0:07:32.82 [452.8243817271608]
>>>>>>>>> Metric per observation (lat x lon) at each time step (t)
RMSE
2.5625107056886245,2.03046613493508,1.8734492197446784,1.8216354422033576,1.798859075435157,1.8776448910510821,1.9395870081098665,1.987383329256563,2.0298612309560364,2.074635528162349,2.1125828665933066,2.1450036828627037,2.1739202549321974,2.1974638612855655,2.219507772449647
MAE
1.7767715738484333,1.4352326518784946,1.3296325896219474,1.2974025908852418,1.2818553844536558,1.343288573907913,1.3894113594880546,1.421868804093042,1.4439187327634941,1.4784232540038025,1.505128809714615,1.527870292471781,1.5476505313270135,1.5644099346973033,1.580333258507156
>>>>>>>>
Test RMSE: 2.0675
Test MAE: 1.4615

Training time: 6:47:31.65 [24451.64831852913]
=> Loaded checkpoint cfsr_step15_4_20200601-023854.pth.tar (best epoch: 38, validation rmse: 2.0978)
Training time/epochs: 0:07:32.81 [452.80830219498387]
>>>>>>>>> Metric per observation (lat x lon) at each time step (t)
RMSE
2.5490808632436637,1.983960303784078,1.8620924010521496,1.8051289182760843,1.7944327692053024,1.8659692128058445,1.9271233222355624,1.9789327857563797,2.0388051668251768,2.087514630303138,2.1283378323305002,2.163550813055898,2.1949078578724115,2.2202685305877137,2.241694885880871
MAE
1.8084893224970147,1.3961301527803716,1.3153624919846385,1.2710796867428804,1.262956280648791,1.3141367275076667,1.3567465973627881,1.3915611761783595,1.4302707984940188,1.463890794742124,1.4918978346534972,1.5147168214708029,1.5353049744184073,1.5537445608025284,1.5690608016330228
>>>>>>>>
Test RMSE: 2.0684
Test MAE: 1.4450

Training time: 5:31:55.56 [19915.56069970131]
=> Loaded checkpoint cfsr_step15_4_20200601-092708.pth.tar (best epoch: 28, validation rmse: 2.1064)
Training time/epochs: 0:07:32.63 [452.62637953866613]
>>>>>>>>> Metric per observation (lat x lon) at each time step (t)
RMSE
2.5824839933239305,2.066850879155978,1.9048150981183523,1.8348375514211668,1.808662299640301,1.8820265617516103,1.9354812827751806,1.9817928165073369,2.0398453396335556,2.0880082424073874,2.127949971101155,2.1603496592187024,2.1917613285093798,2.2176522469553634,2.238098162057165
MAE
1.8365852080502556,1.4587679661593391,1.3527072820187276,1.3011960333494803,1.277818898387491,1.3314879089387215,1.3636742570694542,1.3956890846919088,1.4370769364823912,1.4695840470503174,1.495472883549874,1.5182342906269386,1.5418937659296679,1.5601463961039106,1.572903879803196
>>>>>>>>
Test RMSE: 2.0826
Test MAE: 1.4609

RMSE:  [2.067541933258099, 2.0683504824168804, 2.0825947650427956]

MAE:  [1.4615465587782628, 1.4450232681718844, 1.460882590481709]

Training times:  [14943.204596996307, 24451.64831852913, 19915.56069970131]

Training times/epochs:  [452.8243817271608, 452.80830219498387, 452.62637953866613]
-----------------------
Mean and standard deviation after 3 iterations
=> Test RMSE: mean: 2.0728, std: 0.006913
=> Test MAE: mean: 1.4558, std: 0.007637
=> Training times: mean_readable: 5:29:30.14, mean: 19770.1379, std: 3883.167637
=> Training times/epochs: mean_readable: 0:07:32.75, mean: 452.7530, std: 0.089789
-----------------------
email sent
