RUN MODEL: CONVLSTM
Device: GPU
Settings: Namespace(batch=15, chirps=True, cuda='1', email=True, epoch=80, hidden_dim=8, iteration=3, kernel_size=5, model='convlstm', no_seed=False, no_stop=False, num_layers=2, patience=16, plot=True, pre_trained=None, small_dataset=False, step='15', verbose=False, version='4', workers=4)

Training time: 0:45:45.29 [2745.2861483097076]
=> Loaded checkpoint chirps_step15_4_20200531-171210.pth.tar (best epoch: 68, validation rmse: 6.3507)
Training time/epochs: 0:00:32.68 [32.681977956067946]
>>>>>>>>> Metric per observation (lat x lon) at each time step (t)
RMSE
6.448565908657607,6.385992191171133,6.345465370403823,6.322753778067968,6.312636888155374,6.308040890642392,6.298794483625761,6.294509650558553,6.29189569206648,6.290877088423698,6.291001348085301,6.291051216022943,6.293001594082002,6.296404869325699,6.3031779284118326
MAE
3.011547541746529,2.981057060021226,2.953322813715986,2.935344644131199,2.9322725072983773,2.9393621029392367,2.9229365535961684,2.922062998176903,2.9208604661367272,2.9198350271871014,2.917104740937551,2.914895467219814,2.9128511656997023,2.9109578786357755,2.909675734658395
>>>>>>>>
Test RMSE: 6.3243
Test MAE: 2.9336

Training time: 0:44:44.47 [2684.4668333530426]
=> Loaded checkpoint chirps_step15_4_20200531-175800.pth.tar (best epoch: 63, validation rmse: 6.3502)
Training time/epochs: 0:00:33.98 [33.9805928272537]
>>>>>>>>> Metric per observation (lat x lon) at each time step (t)
RMSE
6.449427576475246,6.38908980226004,6.347926703832483,6.323026249485631,6.308452280618811,6.30056623233262,6.29286749388582,6.287537918295912,6.285177255189547,6.286427996491873,6.286954965642703,6.286843977948671,6.290243864059448,6.293906125971066,6.299320059437906
MAE
2.9974131725167714,2.9373385867764874,2.89897116473926,2.8781225668486727,2.866697657492853,2.862061814595294,2.8562717046788944,2.8556941472074038,2.850099896231005,2.8499198209854866,2.844420927186166,2.84413650151222,2.842990570170905,2.8456544132642847,2.8476018976139765
>>>>>>>>
Test RMSE: 6.3214
Test MAE: 2.8718

Training time: 0:43:00.92 [2580.924434185028]
=> Loaded checkpoint chirps_step15_4_20200531-184249.pth.tar (best epoch: 60, validation rmse: 6.3560)
Training time/epochs: 0:00:33.96 [33.95953202875037]
>>>>>>>>> Metric per observation (lat x lon) at each time step (t)
RMSE
6.449886106675671,6.391172675676243,6.349354279938565,6.3244657670297935,6.310408769115325,6.305617045330745,6.297895799400986,6.292880937617312,6.293148623999729,6.296531743900751,6.297482296984683,6.297518531481425,6.300157768751985,6.304957964087046,6.309465246815836
MAE
2.98179244290116,2.933647146148066,2.887971196764259,2.862032840969742,2.854275886089571,2.8482178885449647,2.8645371173017766,2.864118183171877,2.875816871402084,2.879599318709425,2.8855983435466723,2.8859360750003527,2.889672569690212,2.889938762751959,2.8910483147508357
>>>>>>>>
Test RMSE: 6.3275
Test MAE: 2.8863

RMSE:  [6.324260962906704, 6.321447541636806, 6.327538779986802]

MAE:  [2.933605795906436, 2.871826313516145, 2.886280189278305]

Training times:  [2745.2861483097076, 2684.4668333530426, 2580.924434185028]

Training times/epochs:  [32.681977956067946, 33.9805928272537, 33.95953202875037]
-----------------------
Mean and standard deviation after 3 iterations
=> Test RMSE: mean: 6.3244, std: 0.002489
=> Test MAE: mean: 2.8972, std: 0.026385
=> Training times: mean_readable: 0:44:30.23, mean: 2670.2258, std: 67.851792
=> Training times/epochs: mean_readable: 0:00:33.54, mean: 33.5407, std: 0.607270
-----------------------
email sent
