RUN MODEL: STCONVS2S-R
Device: GPU
Settings: Namespace(batch=15, chirps=False, cuda='0', email=True, epoch=80, hidden_dim=32, iteration=3, kernel_size=5, model='stconvs2s-r', no_seed=False, no_stop=False, num_layers=3, patience=16, plot=True, pre_trained=None, small_dataset=False, step='15', verbose=False, version='4', workers=4)

Training time: 2:52:13.12 [10333.116993427277]
=> Loaded checkpoint cfsr_step15_4_20200620-024629.pth.tar (best epoch: 18, validation rmse: 1.8417)
Training time/epochs: 0:05:03.92 [303.9152056890375]
>>>>>>>>> Metric per observation (lat x lon) at each time step (t)
RMSE
1.0296711281003965,1.2019124615539625,1.3286143213965196,1.4552090310190653,1.5958942396465519,1.6974336505762913,1.8045083677884444,1.8782897951202815,1.9622196395585672,2.007754963082513,2.070356638520832,2.0912905890138074,2.1292836986864487,2.145029194146684,2.1709155512252893
MAE
0.7040958278883512,0.8313020377648521,0.9304121402860845,1.030225737332967,1.1292099782398768,1.1957048389352807,1.2817925685983094,1.3298077844548324,1.3964728373264308,1.4183501587165377,1.472947370989478,1.4824941075625266,1.5031798983744544,1.5099011785279697,1.5292402674520231
>>>>>>>>
Test RMSE: 1.8093
Test MAE: 1.2497

Training time: 3:42:51.30 [13371.301387548447]
=> Loaded checkpoint cfsr_step15_4_20200620-053919.pth.tar (best epoch: 28, validation rmse: 1.8252)
Training time/epochs: 0:05:03.89 [303.89321335337377]
>>>>>>>>> Metric per observation (lat x lon) at each time step (t)
RMSE
1.019469251745121,1.20166934875774,1.3255718359504096,1.4523735978897667,1.5872707573616884,1.7032311817478705,1.7899062808773554,1.8714593736540097,1.9503294785045884,2.0040116637490493,2.055265896197992,2.091442796955823,2.1307992379642227,2.1550608990757874,2.175864628879108
MAE
0.69305315634414,0.8268930036548768,0.9228723334373283,1.0126621297427587,1.1075890044398844,1.192454355516976,1.2532493801123556,1.3113811120246222,1.370069128795735,1.412596372394059,1.4466593344896082,1.4729793650432699,1.5013459500922575,1.5165767039736828,1.5332666499935472
>>>>>>>>
Test RMSE: 1.8062
Test MAE: 1.2382

Training time: 3:12:04.01 [11524.011308193207]
=> Loaded checkpoint cfsr_step15_4_20200620-092247.pth.tar (best epoch: 22, validation rmse: 1.8247)
Training time/epochs: 0:05:03.26 [303.2634554787686]
>>>>>>>>> Metric per observation (lat x lon) at each time step (t)
RMSE
1.0166168956088624,1.1906516330417416,1.3155267035250193,1.4475355698893702,1.6002009204290446,1.6990555020542648,1.787359552145335,1.8710152439866086,1.9420627150555425,1.997373020268677,2.0458282306687017,2.082873444616712,2.1152327940301987,2.144385466959209,2.1673845226324877
MAE
0.6908109936237996,0.8198652640295094,0.9164838442028643,1.0213357748337162,1.1235972535428327,1.1912561872465104,1.2560121680761012,1.314507901751218,1.3616664323661265,1.3996571454525655,1.4329027360752122,1.4619117717306425,1.483656089613408,1.504486588598455,1.5230233327029647
>>>>>>>>
Test RMSE: 1.7998
Test MAE: 1.2334

RMSE:  [1.809322713978909, 1.806219102274859, 1.7997788557893857]

MAE:  [1.249675783800186, 1.238243202230636, 1.2334115649889974]

Training times:  [10333.116993427277, 13371.301387548447, 11524.011308193207]

Training times/epochs:  [303.9152056890375, 303.89321335337377, 303.2634554787686]
-----------------------
Mean and standard deviation after 3 iterations
=> Test RMSE: mean: 1.8051, std: 0.003975
=> Test MAE: mean: 1.2404, std: 0.006820
=> Training times: mean_readable: 3:15:42.81, mean: 11742.8099, std: 1249.945524
=> Training times/epochs: mean_readable: 0:05:03.69, mean: 303.6906, std: 0.302188
-----------------------
email sent
