RUN MODEL: STCONVS2S-R
Device: GPU
Settings: Namespace(batch=15, chirps=True, cuda='1', email=True, epoch=80, hidden_dim=8, iteration=3, kernel_size=5, model='stconvs2s-r', no_seed=False, no_stop=False, num_layers=2, patience=16, plot=True, pre_trained=None, small_dataset=False, step='15', verbose=False, version='4', workers=4)

Training time: 0:36:05.32 [2165.319349527359]
=> Loaded checkpoint chirps_step15_4_20200620-024652.pth.tar (best epoch: 39, validation rmse: 6.2794)
Training time/epochs: 0:00:39.37 [39.36944271867925]
>>>>>>>>> Metric per observation (lat x lon) at each time step (t)
RMSE
5.939926051324414,6.1896410757495515,6.240221095341508,6.253493396184778,6.260893621752339,6.267005407682029,6.275747602985751,6.2812130822930285,6.283769793407892,6.28286313626074,6.287402920825507,6.289697184357592,6.294092259099407,6.298547962660431,6.310168179132605
MAE
2.5504274214467695,2.7412025249132546,2.8144230092725446,2.8155732571437793,2.8124883892715618,2.8081981276953094,2.807231192306806,2.8337443970864817,2.8527952964587877,2.853160115980333,2.865465058434394,2.847130392828295,2.8675967634365125,2.865592511110408,2.8410884122694693
>>>>>>>>
Test RMSE: 6.2569
Test MAE: 2.8117

Training time: 0:41:59.80 [2519.797433614731]
=> Loaded checkpoint chirps_step15_4_20200620-032304.pth.tar (best epoch: 48, validation rmse: 6.2811)
Training time/epochs: 0:00:39.37 [39.37183490023017]
>>>>>>>>> Metric per observation (lat x lon) at each time step (t)
RMSE
5.927061878224855,6.1944834596367295,6.246482615829796,6.261381472310712,6.266844987869263,6.270324758304063,6.277293514179927,6.280847740429704,6.282543993765308,6.284203813922021,6.288932775938383,6.289151259647903,6.295004930547488,6.296992891578264,6.306684014617756
MAE
2.539800038260798,2.71562429781883,2.7562939729741824,2.7582360852149224,2.7611458839908725,2.7946458029490646,2.8243239438661965,2.8341285618402625,2.8185433283928902,2.8073339109779685,2.814521021099501,2.810951887920339,2.8060867081406298,2.82640471958345,2.855714939614778
>>>>>>>>
Test RMSE: 6.2578
Test MAE: 2.7816

Training time: 0:40:42.11 [2442.1087396144867]
=> Loaded checkpoint chirps_step15_4_20200620-040510.pth.tar (best epoch: 46, validation rmse: 6.2825)
Training time/epochs: 0:00:39.39 [39.38885063894333]
>>>>>>>>> Metric per observation (lat x lon) at each time step (t)
RMSE
5.932209150765532,6.191487812226819,6.2416625638161936,6.259372249726327,6.265470612433649,6.270612542347242,6.279834847296438,6.287436794209224,6.2905881699695385,6.292528808757823,6.299548319590989,6.300456539277108,6.303050028380527,6.305307820279111,6.315390299725276
MAE
2.574866166678808,2.75677675777866,2.8095125825174394,2.8092358682745244,2.8164221420082995,2.828536826436238,2.8455155075237317,2.8617755866819814,2.8678567095469405,2.860265848457172,2.868391519592654,2.861197685041735,2.8746270537376404,2.8655796916254106,2.8431214690208435
>>>>>>>>
Test RMSE: 6.2622
Test MAE: 2.8229

RMSE:  [6.256856138988208, 6.257828847054513, 6.262227722393569]

MAE:  [2.8117411258400127, 2.781583671928734, 2.8229120841590305]

Training times:  [2165.319349527359, 2519.797433614731, 2442.1087396144867]

Training times/epochs:  [39.36944271867925, 39.37183490023017, 39.38885063894333]
-----------------------
Mean and standard deviation after 3 iterations
=> Test RMSE: mean: 6.2590, std: 0.002337
=> Test MAE: mean: 2.8054, std: 0.017456
=> Training times: mean_readable: 0:39:35.74, mean: 2375.7418, std: 152.133937
=> Training times/epochs: mean_readable: 0:00:39.38, mean: 39.3767, std: 0.008641
-----------------------
email sent
