RUN MODEL: STCONVS2S-C
Device: GPU
Settings: Namespace(batch=15, chirps=False, cuda='1', email=True, epoch=80, hidden_dim=32, iteration=3, kernel_size=5, model='stconvs2s-c', no_seed=False, no_stop=False, num_layers=3, patience=16, plot=True, pre_trained=None, small_dataset=False, step='15', verbose=False, version='4', workers=4)

Training time: 3:00:00.44 [10800.437650203705]
=> Loaded checkpoint cfsr_step15_4_20200620-151102.pth.tar (best epoch: 18, validation rmse: 1.8881)
Training time/epochs: 0:05:17.66 [317.65993088834426]
>>>>>>>>> Metric per observation (lat x lon) at each time step (t)
RMSE
1.3539249419173982,1.3501228242905892,1.3565401387776812,1.4965160858614601,1.613872799727854,1.7149400967334743,1.8123683038267118,2.0403938356285782,2.032769435321739,2.0607717281902382,2.0699008673470822,2.114287238180555,2.1342475331606714,2.151092065025467,2.1799364600862776
MAE
0.9482590393285977,0.9500932795991514,0.9522719896616784,1.0524540503874897,1.1304052733349899,1.2000018702962032,1.2711308527422678,1.437814151695135,1.4295619532734611,1.4449413174895076,1.4585463984168021,1.4949956624749299,1.501852735236349,1.5151599081809246,1.5453951892839557
>>>>>>>>
Test RMSE: 1.8605
Test MAE: 1.2889

Training time: 3:53:03.39 [13983.394568920135]
=> Loaded checkpoint cfsr_step15_4_20200620-181139.pth.tar (best epoch: 28, validation rmse: 1.8948)
Training time/epochs: 0:05:17.80 [317.80442202091217]
>>>>>>>>> Metric per observation (lat x lon) at each time step (t)
RMSE
1.3500180957056116,1.3354615698905659,1.3559334640198706,1.5167036243351422,1.6210941082892238,1.7112201695303315,1.8045814351466758,2.0499155309759134,2.0522981553071085,2.0909420154296408,2.0893874637958247,2.1426910558785215,2.170170636679693,2.1732084379116805,2.19628829995736
MAE
0.937853468026599,0.9317997669214679,0.9491686218323886,1.0692911844147723,1.1380142789442562,1.2045312272526851,1.262847547144235,1.4344276330342074,1.4363732418967683,1.4621560614912585,1.4625667282347872,1.5024173780552392,1.5217178699543672,1.5216498308803437,1.5442333057750115
>>>>>>>>
Test RMSE: 1.8745
Test MAE: 1.2919

Training time: 2:44:10.02 [9850.020683288574]
=> Loaded checkpoint cfsr_step15_4_20200620-220520.pth.tar (best epoch: 15, validation rmse: 1.9016)
Training time/epochs: 0:05:17.74 [317.7426026867282]
>>>>>>>>> Metric per observation (lat x lon) at each time step (t)
RMSE
1.3514403815739033,1.3468320788027675,1.399527024131542,1.4955025501290902,1.6267292577251482,1.7354876052655392,1.8502754745139494,2.0558523437351854,2.0777036951914245,2.0899610119289234,2.1221864767444942,2.1436110696911648,2.1676822034396674,2.1769855849124524,2.2124873907324676
MAE
0.9384804618507417,0.9380125378603412,0.9812757170316085,1.045314923156151,1.1375027236098556,1.2152453021930425,1.295336150263285,1.4483566363542322,1.4642302978386,1.4717111818998763,1.4895992108753748,1.5060587410457256,1.5251140566374823,1.5327971990164706,1.5569181528236928
>>>>>>>>
Test RMSE: 1.8867
Test MAE: 1.3031

RMSE:  [1.8605367854630237, 1.87452093787729, 1.886720890972386]

MAE:  [1.2888589125235104, 1.2919365457787428, 1.3030635515297666]

Training times:  [10800.437650203705, 13983.394568920135, 9850.020683288574]

Training times/epochs:  [317.65993088834426, 317.80442202091217, 317.7426026867282]
-----------------------
Mean and standard deviation after 3 iterations
=> Test RMSE: mean: 1.8739, std: 0.010698
=> Test MAE: mean: 1.2946, std: 0.006101
=> Training times: mean_readable: 3:12:24.62, mean: 11544.6176, std: 1767.587396
=> Training times/epochs: mean_readable: 0:05:17.74, mean: 317.7357, std: 0.059193
-----------------------
email sent
