RUN MODEL: STCONVS2S-C
Device: GPU
Settings: Namespace(batch=15, chirps=True, cuda='1', email=True, epoch=80, hidden_dim=8, iteration=3, kernel_size=5, model='stconvs2s-c', no_seed=False, no_stop=False, num_layers=2, patience=16, plot=True, pre_trained=None, small_dataset=False, step='15', verbose=False, version='4', workers=4)

Training time: 0:33:37.86 [2017.8618121147156]
=> Loaded checkpoint chirps_step15_4_20200620-045949.pth.tar (best epoch: 33, validation rmse: 6.3160)
Training time/epochs: 0:00:41.18 [41.18085330846358]
>>>>>>>>> Metric per observation (lat x lon) at each time step (t)
RMSE
6.26931099225116,6.251781976351174,6.253775914510091,6.258696584291355,6.278027308884488,6.283145466158467,6.289757418376143,6.312981276101963,6.301333737629716,6.301266054953298,6.302032114357076,6.297877755216373,6.301896131166848,6.307234168052673,6.322660510258008
MAE
2.7936125134909027,2.786135539572726,2.7975563887626893,2.831277074993298,2.8274550598154784,2.8518158556312643,2.8677656765907042,2.880855526975406,2.8727699357976197,2.849856775934978,2.8575252217631184,2.851281576259162,2.859279141631178,2.8609721872114364,2.8481501975367145
>>>>>>>>
Test RMSE: 6.2948
Test MAE: 2.8424

Training time: 0:37:06.52 [2226.5208146572113]
=> Loaded checkpoint chirps_step15_4_20200620-053333.pth.tar (best epoch: 38, validation rmse: 6.3165)
Training time/epochs: 0:00:41.23 [41.23186693809651]
>>>>>>>>> Metric per observation (lat x lon) at each time step (t)
RMSE
6.261296551714661,6.246499815294819,6.248932323148174,6.25796187821255,6.268835324113087,6.279919065454955,6.2903184570291995,6.30827538300586,6.3001913870534585,6.299339404670141,6.2982716675727595,6.297516097304642,6.302874885579591,6.307981679516454,6.324505764950988
MAE
2.8018596435105927,2.8089752633084535,2.8176478429507186,2.835328649449092,2.8264421429685367,2.8278265947936685,2.8372324692305697,2.864922268416292,2.8482214090644673,2.8436970621026973,2.8450943693037956,2.8392018707849647,2.830534996524934,2.8349289567239824,2.801804680337188
>>>>>>>>
Test RMSE: 6.2923
Test MAE: 2.8309

Training time: 0:36:26.97 [2186.9709129333496]
=> Loaded checkpoint chirps_step15_4_20200620-061046.pth.tar (best epoch: 37, validation rmse: 6.3216)
Training time/epochs: 0:00:41.26 [41.263602130817915]
>>>>>>>>> Metric per observation (lat x lon) at each time step (t)
RMSE
6.26502715387652,6.249975722323182,6.258368663890387,6.264648281117921,6.28065913466997,6.287559440059047,6.2925750286348405,6.315987627993348,6.312213656722858,6.315910190664312,6.317180788645181,6.315891123587085,6.316108433149195,6.315571699091183,6.328179092817409
MAE
2.848336693420205,2.8222053743177846,2.855672452398526,2.83016360639244,2.8588402091815905,2.8742118695730805,2.8777452425290178,2.8739312534691184,2.8627902038635744,2.863996543551004,2.862111287732278,2.8675404152562542,2.890684796917823,2.8711910446484885,2.87569071016004
>>>>>>>>
Test RMSE: 6.3015
Test MAE: 2.8623

RMSE:  [6.294819680593347, 6.292310253266366, 6.301536042203185]

MAE:  [2.842420588898402, 2.830914540316469, 2.862340815605656]

Training times:  [2017.8618121147156, 2226.5208146572113, 2186.9709129333496]

Training times/epochs:  [41.18085330846358, 41.23186693809651, 41.263602130817915]
-----------------------
Mean and standard deviation after 3 iterations
=> Test RMSE: mean: 6.2962, std: 0.003895
=> Test MAE: mean: 2.8452, std: 0.012982
=> Training times: mean_readable: 0:35:43.78, mean: 2143.7845, std: 90.492886
=> Training times/epochs: mean_readable: 0:00:41.23, mean: 41.2254, std: 0.034086
-----------------------
email sent
